d:\projet de sem\code\vs\projet_00\projet_00\debug\projet_00.pch
d:\projet de sem\code\vs\projet_00\projet_00\debug\vc140.pdb
d:\projet de sem\code\vs\projet_00\projet_00\debug\vc140.idb
d:\projet de sem\code\vs\projet_00\projet_00\debug\stdafx.obj
d:\projet de sem\code\vs\projet_00\projet_00\debug\projet_00.obj
d:\projet de sem\code\vs\projet_00\projet_00\debug\projet_00.tlb
d:\projet de sem\code\vs\projet_00\projet_00\decklinkapi_i.c
d:\projet de sem\code\vs\projet_00\projet_00\decklinkapi_h.h
d:\projet de sem\code\vs\projet_00\debug\projet_00.pdb
d:\projet de sem\code\vs\projet_00\projet_00\debug\projet_00.tlog\cl.command.1.tlog
d:\projet de sem\code\vs\projet_00\projet_00\debug\projet_00.tlog\cl.read.1.tlog
d:\projet de sem\code\vs\projet_00\projet_00\debug\projet_00.tlog\cl.write.1.tlog
d:\projet de sem\code\vs\projet_00\projet_00\debug\projet_00.tlog\link-cvtres.read.1.tlog
d:\projet de sem\code\vs\projet_00\projet_00\debug\projet_00.tlog\link-cvtres.write.1.tlog
d:\projet de sem\code\vs\projet_00\projet_00\debug\projet_00.tlog\link-rc.read.1.tlog
d:\projet de sem\code\vs\projet_00\projet_00\debug\projet_00.tlog\link-rc.write.1.tlog
d:\projet de sem\code\vs\projet_00\projet_00\debug\projet_00.tlog\link.command.1.tlog
d:\projet de sem\code\vs\projet_00\projet_00\debug\projet_00.tlog\link.read.1.tlog
d:\projet de sem\code\vs\projet_00\projet_00\debug\projet_00.tlog\link.write.1.tlog
d:\projet de sem\code\vs\projet_00\projet_00\debug\projet_00.tlog\midl.command.1.tlog
d:\projet de sem\code\vs\projet_00\projet_00\debug\projet_00.tlog\midl.read.1.tlog
d:\projet de sem\code\vs\projet_00\projet_00\debug\projet_00.tlog\midl.write.1.tlog
